2025-04-21T00:23:08.5137525Z     __ __          __      __    _ __     
2025-04-21T00:23:08.5138488Z    / //_/_  _ ____/ /_  __/ /   (_) /____ 
2025-04-21T00:23:08.5138545Z   / ,< / / / / __  / / / / /   / / __/ _  
2025-04-21T00:23:08.5138574Z  / /| / /_/ / /_/ / /_/ / /___/ / /_/  __/
2025-04-21T00:23:08.5138601Z /_/ |_\__,_/\__,_/\__,_/_____/_/\__/\___/ 
2025-04-21T00:23:08.5138637Z 
2025-04-21T00:23:08.5138673Z                                           
2025-04-21T00:23:08.5138704Z DEBUG CONSOLE | AZURE APP SERVICE ON LINUX
2025-04-21T00:23:08.5138751Z 
2025-04-21T00:23:08.5138786Z Documentation: http://aka.ms/webapp-linux
2025-04-21T00:23:08.5138815Z Kudu Version : 20250326.3
2025-04-21T00:23:08.5138847Z Commit       : 3dc752b3f75f688f64ca4f17e9aa8281e2f08164
2025-04-21T00:23:08.5138900Z 
2025-04-21T00:23:08.8328991Z chown: changing ownership of '/temp': Operation not permitted
2025-04-21T00:23:08.8347849Z chmod: changing permissions of '/temp': Operation not permitted
2025-04-21T00:23:09.8301455Z Restarting OpenBSD Secure Shell server: sshd.
2025-04-21T00:23:09.8533916Z node not running, starting node /opt/webssh/index.js
2025-04-21T00:23:12.6953586Z Mon Apr 21 00:23:12 UTC 2025 running .net core
2025-04-21T00:23:12.9455645Z Startup : 12.23.12.940879
2025-04-21T00:23:12.9553269Z Configure Services : 12.23.12.955221
2025-04-21T00:23:13.0878521Z Configure : 12.23.13.087708
2025-04-21T00:23:13.1768952Z Setting Up Routes : 12.23.13.176763
2025-04-21T00:23:13.2487469Z Exiting Configure : 12.23.13.248642
2025-04-21T00:23:13.2951554Z Hosting environment: Production
2025-04-21T00:23:13.2951842Z Content root path: /opt/Kudu
2025-04-21T00:23:13.2954095Z Now listening on: http://0.0.0.0:8181
2025-04-21T00:23:13.2954194Z Application started. Press Ctrl+C to shut down.
2025-04-21T00:23:42.1516612Z     __ __          __      __    _ __     
2025-04-21T00:23:42.1517482Z    / //_/_  _ ____/ /_  __/ /   (_) /____ 
2025-04-21T00:23:42.1517539Z   / ,< / / / / __  / / / / /   / / __/ _  
2025-04-21T00:23:42.1517569Z  / /| / /_/ / /_/ / /_/ / /___/ / /_/  __/
2025-04-21T00:23:42.1517615Z /_/ |_\__,_/\__,_/\__,_/_____/_/\__/\___/ 
2025-04-21T00:23:42.1517647Z 
2025-04-21T00:23:42.1517674Z                                           
2025-04-21T00:23:42.1517698Z DEBUG CONSOLE | AZURE APP SERVICE ON LINUX
2025-04-21T00:23:42.1517720Z 
2025-04-21T00:23:42.1517747Z Documentation: http://aka.ms/webapp-linux
2025-04-21T00:23:42.1517771Z Kudu Version : 20250326.3
2025-04-21T00:23:42.1517797Z Commit       : 3dc752b3f75f688f64ca4f17e9aa8281e2f08164
2025-04-21T00:23:42.1517829Z 
2025-04-21T00:23:42.4408932Z chown: changing ownership of '/temp': Operation not permitted
2025-04-21T00:23:42.4439400Z chmod: changing permissions of '/temp': Operation not permitted
2025-04-21T00:23:42.7356759Z Restarting OpenBSD Secure Shell server: sshd.
2025-04-21T00:23:42.7541690Z node not running, starting node /opt/webssh/index.js
2025-04-21T00:23:44.5127813Z Mon Apr 21 00:23:44 UTC 2025 running .net core
2025-04-21T00:23:44.7040454Z Startup : 12.23.44.701195
2025-04-21T00:23:44.7084100Z Configure Services : 12.23.44.708320
2025-04-21T00:23:44.8077952Z Configure : 12.23.44.807673
2025-04-21T00:23:44.8866785Z Setting Up Routes : 12.23.44.886576
2025-04-21T00:23:44.9401973Z Exiting Configure : 12.23.44.940054
2025-04-21T00:23:44.9826562Z Hosting environment: Production
2025-04-21T00:23:44.9827031Z Content root path: /opt/Kudu
2025-04-21T00:23:44.9829059Z Now listening on: http://0.0.0.0:8181
2025-04-21T00:23:44.9829432Z Application started. Press Ctrl+C to shut down.
2025-04-21T00:24:39.0585915Z     __ __          __      __    _ __     
2025-04-21T00:24:39.0587575Z    / //_/_  _ ____/ /_  __/ /   (_) /____ 
2025-04-21T00:24:39.0587643Z   / ,< / / / / __  / / / / /   / / __/ _  
2025-04-21T00:24:39.0587676Z  / /| / /_/ / /_/ / /_/ / /___/ / /_/  __/
2025-04-21T00:24:39.0587704Z /_/ |_\__,_/\__,_/\__,_/_____/_/\__/\___/ 
2025-04-21T00:24:39.0587737Z 
2025-04-21T00:24:39.0587766Z                                           
2025-04-21T00:24:39.0587812Z DEBUG CONSOLE | AZURE APP SERVICE ON LINUX
2025-04-21T00:24:39.0587844Z 
2025-04-21T00:24:39.0587878Z Documentation: http://aka.ms/webapp-linux
2025-04-21T00:24:39.0587909Z Kudu Version : 20250326.3
2025-04-21T00:24:39.0587936Z Commit       : 3dc752b3f75f688f64ca4f17e9aa8281e2f08164
2025-04-21T00:24:39.0587960Z 
2025-04-21T00:24:39.3608668Z chown: changing ownership of '/temp': Operation not permitted
2025-04-21T00:24:39.3624694Z chmod: changing permissions of '/temp': Operation not permitted
2025-04-21T00:24:39.9549200Z Restarting OpenBSD Secure Shell server: sshd.
2025-04-21T00:24:39.9757849Z node not running, starting node /opt/webssh/index.js
2025-04-21T00:24:41.7270392Z Mon Apr 21 00:24:41 UTC 2025 running .net core
2025-04-21T00:24:41.9224494Z Startup : 12.24.41.918717
2025-04-21T00:24:41.9270103Z Configure Services : 12.24.41.926797
2025-04-21T00:24:42.0239383Z Configure : 12.24.42.023823
2025-04-21T00:24:42.3657392Z Setting Up Routes : 12.24.42.365593
2025-04-21T00:24:42.4283671Z Exiting Configure : 12.24.42.428249
2025-04-21T00:24:42.4736974Z Hosting environment: Production
2025-04-21T00:24:42.4747832Z Content root path: /opt/Kudu
2025-04-21T00:24:42.4753902Z Now listening on: http://0.0.0.0:8181
2025-04-21T00:24:42.4760902Z Application started. Press Ctrl+C to shut down.
2025-04-21T00:25:10.3158642Z     __ __          __      __    _ __     
2025-04-21T00:25:10.3171901Z    / //_/_  _ ____/ /_  __/ /   (_) /____ 
2025-04-21T00:25:10.3171971Z   / ,< / / / / __  / / / / /   / / __/ _  
2025-04-21T00:25:10.3172004Z  / /| / /_/ / /_/ / /_/ / /___/ / /_/  __/
2025-04-21T00:25:10.3172033Z /_/ |_\__,_/\__,_/\__,_/_____/_/\__/\___/ 
2025-04-21T00:25:10.3172064Z 
2025-04-21T00:25:10.3172112Z                                           
2025-04-21T00:25:10.3172139Z DEBUG CONSOLE | AZURE APP SERVICE ON LINUX
2025-04-21T00:25:10.3172167Z 
2025-04-21T00:25:10.3172195Z Documentation: http://aka.ms/webapp-linux
2025-04-21T00:25:10.3172225Z Kudu Version : 20250326.3
2025-04-21T00:25:10.3172254Z Commit       : 3dc752b3f75f688f64ca4f17e9aa8281e2f08164
2025-04-21T00:25:10.3172279Z 
2025-04-21T00:25:10.6236256Z chown: changing ownership of '/temp': Operation not permitted
2025-04-21T00:25:10.6257759Z chmod: changing permissions of '/temp': Operation not permitted
2025-04-21T00:25:10.8621940Z Restarting OpenBSD Secure Shell server: sshd.
2025-04-21T00:25:10.8834540Z node not running, starting node /opt/webssh/index.js
2025-04-21T00:25:12.6819300Z Mon Apr 21 00:25:12 UTC 2025 running .net core
2025-04-21T00:25:12.8558042Z Startup : 12.25.12.852949
2025-04-21T00:25:12.8601685Z Configure Services : 12.25.12.860060
2025-04-21T00:25:12.9551833Z Configure : 12.25.12.955070
2025-04-21T00:25:13.0342734Z Setting Up Routes : 12.25.13.034141
2025-04-21T00:25:13.0968686Z Exiting Configure : 12.25.13.096657
2025-04-21T00:25:13.1399881Z Hosting environment: Production
2025-04-21T00:25:13.1406406Z Content root path: /opt/Kudu
2025-04-21T00:25:13.1413581Z Now listening on: http://0.0.0.0:8181
2025-04-21T00:25:13.1420003Z Application started. Press Ctrl+C to shut down.
2025-04-21T20:11:49.7205014Z     __ __          __      __    _ __     
2025-04-21T20:11:49.7221482Z    / //_/_  _ ____/ /_  __/ /   (_) /____ 
2025-04-21T20:11:49.7221556Z   / ,< / / / / __  / / / / /   / / __/ _  
2025-04-21T20:11:49.7221580Z  / /| / /_/ / /_/ / /_/ / /___/ / /_/  __/
2025-04-21T20:11:49.7221601Z /_/ |_\__,_/\__,_/\__,_/_____/_/\__/\___/ 
2025-04-21T20:11:49.7221626Z 
2025-04-21T20:11:49.7221668Z                                           
2025-04-21T20:11:49.7221688Z DEBUG CONSOLE | AZURE APP SERVICE ON LINUX
2025-04-21T20:11:49.7221705Z 
2025-04-21T20:11:49.7221725Z Documentation: http://aka.ms/webapp-linux
2025-04-21T20:11:49.7221746Z Kudu Version : 20250326.3
2025-04-21T20:11:49.7221766Z Commit       : 3dc752b3f75f688f64ca4f17e9aa8281e2f08164
2025-04-21T20:11:49.7221783Z 
2025-04-21T20:11:50.0426885Z chown: changing ownership of '/temp': Operation not permitted
2025-04-21T20:11:50.0452274Z chmod: changing permissions of '/temp': Operation not permitted
2025-04-21T20:11:50.3647777Z Restarting OpenBSD Secure Shell server: sshd.
2025-04-21T20:11:50.4132918Z node not running, starting node /opt/webssh/index.js
2025-04-21T20:11:53.6061456Z Mon Apr 21 20:11:53 UTC 2025 running .net core
2025-04-21T20:11:53.8910780Z Startup : 08.11.53.884136
2025-04-21T20:11:53.9015228Z Configure Services : 08.11.53.898599
2025-04-21T20:11:54.0381597Z Configure : 08.11.54.038006
2025-04-21T20:11:54.1413782Z Setting Up Routes : 08.11.54.141209
2025-04-21T20:11:54.2618319Z Exiting Configure : 08.11.54.261707
2025-04-21T20:11:54.3295148Z Hosting environment: Production
2025-04-21T20:11:54.3295767Z Content root path: /opt/Kudu
2025-04-21T20:11:54.3296439Z Now listening on: http://0.0.0.0:8181
2025-04-21T20:11:54.3296507Z Application started. Press Ctrl+C to shut down.
2025-04-21T20:23:20.8276928Z     __ __          __      __    _ __     
2025-04-21T20:23:20.8277958Z    / //_/_  _ ____/ /_  __/ /   (_) /____ 
2025-04-21T20:23:20.8278021Z   / ,< / / / / __  / / / / /   / / __/ _  
2025-04-21T20:23:20.8278053Z  / /| / /_/ / /_/ / /_/ / /___/ / /_/  __/
2025-04-21T20:23:20.8278084Z /_/ |_\__,_/\__,_/\__,_/_____/_/\__/\___/ 
2025-04-21T20:23:20.8278137Z 
2025-04-21T20:23:20.8278170Z                                           
2025-04-21T20:23:20.8278198Z DEBUG CONSOLE | AZURE APP SERVICE ON LINUX
2025-04-21T20:23:20.8278224Z 
2025-04-21T20:23:20.8278257Z Documentation: http://aka.ms/webapp-linux
2025-04-21T20:23:20.8278286Z Kudu Version : 20250326.3
2025-04-21T20:23:20.8278315Z Commit       : 3dc752b3f75f688f64ca4f17e9aa8281e2f08164
2025-04-21T20:23:20.8278343Z 
2025-04-21T20:23:21.1699623Z chown: changing ownership of '/temp': Operation not permitted
2025-04-21T20:23:21.1719604Z chmod: changing permissions of '/temp': Operation not permitted
2025-04-21T20:23:21.6847191Z Restarting OpenBSD Secure Shell server: sshd.
2025-04-21T20:23:21.7044582Z node not running, starting node /opt/webssh/index.js
2025-04-21T20:23:24.0493936Z Mon Apr 21 20:23:24 UTC 2025 running .net core
2025-04-21T20:23:24.2635723Z Startup : 08.23.24.260402
2025-04-21T20:23:24.2697123Z Configure Services : 08.23.24.269593
2025-04-21T20:23:24.3687699Z Configure : 08.23.24.368648
2025-04-21T20:23:24.4513789Z Setting Up Routes : 08.23.24.451248
2025-04-21T20:23:24.5119757Z Exiting Configure : 08.23.24.511820
2025-04-21T20:23:24.5582458Z Hosting environment: Production
2025-04-21T20:23:24.5584509Z Content root path: /opt/Kudu
2025-04-21T20:23:24.5586401Z Now listening on: http://0.0.0.0:8181
2025-04-21T20:23:24.5586490Z Application started. Press Ctrl+C to shut down.
2025-04-21T20:25:18.3053343Z     __ __          __      __    _ __     
2025-04-21T20:25:18.3054489Z    / //_/_  _ ____/ /_  __/ /   (_) /____ 
2025-04-21T20:25:18.3054551Z   / ,< / / / / __  / / / / /   / / __/ _  
2025-04-21T20:25:18.3054584Z  / /| / /_/ / /_/ / /_/ / /___/ / /_/  __/
2025-04-21T20:25:18.3054633Z /_/ |_\__,_/\__,_/\__,_/_____/_/\__/\___/ 
2025-04-21T20:25:18.3054672Z 
2025-04-21T20:25:18.3054704Z                                           
2025-04-21T20:25:18.3054732Z DEBUG CONSOLE | AZURE APP SERVICE ON LINUX
2025-04-21T20:25:18.3054758Z 
2025-04-21T20:25:18.3054789Z Documentation: http://aka.ms/webapp-linux
2025-04-21T20:25:18.3054818Z Kudu Version : 20250326.3
2025-04-21T20:25:18.3054859Z Commit       : 3dc752b3f75f688f64ca4f17e9aa8281e2f08164
2025-04-21T20:25:18.3054888Z 
2025-04-21T20:25:18.6482522Z chown: changing ownership of '/temp': Operation not permitted
2025-04-21T20:25:18.6508924Z chmod: changing permissions of '/temp': Operation not permitted
2025-04-21T20:25:18.8845533Z Restarting OpenBSD Secure Shell server: sshd.
2025-04-21T20:25:18.9061505Z node not running, starting node /opt/webssh/index.js
2025-04-21T20:25:20.6361339Z Mon Apr 21 20:25:20 UTC 2025 running .net core
2025-04-21T20:25:20.8265448Z Startup : 08.25.20.820448
2025-04-21T20:25:20.8315863Z Configure Services : 08.25.20.831470
2025-04-21T20:25:20.9304931Z Configure : 08.25.20.930364
2025-04-21T20:25:21.0153177Z Setting Up Routes : 08.25.21.015163
2025-04-21T20:25:21.0703584Z Exiting Configure : 08.25.21.070213
2025-04-21T20:25:21.1176549Z Hosting environment: Production
2025-04-21T20:25:21.1177173Z Content root path: /opt/Kudu
2025-04-21T20:25:21.1177290Z Now listening on: http://0.0.0.0:8181
2025-04-21T20:25:21.1177343Z Application started. Press Ctrl+C to shut down.
