2025-04-19T18:30:38.8888113Z Container start method called.
2025-04-19T18:30:38.8936728Z Establishing network.
2025-04-19T18:30:38.8940978Z Pulling image: ptchampionregistry.azurecr.io/ptchampion-api:latest.
2025-04-19T18:30:45.2742938Z Container pull image failed with reason: ImagePullFailure. Revert by terminate.
2025-04-19T18:30:45.2773404Z Container is terminating. Grace period: 5 seconds.
2025-04-19T18:30:45.2788615Z Container spec TerminationMessagePolicy  path 
2025-04-19T18:30:45.2806640Z Container is terminated. Total time elapsed: 2 ms.
2025-04-19T18:30:45.2812399Z Site container: ptchampion-api-westus terminated during site startup.
2025-04-19T18:30:45.2893837Z Failed to start site. Revert by stopping site.
2025-04-19T18:30:45.5087712Z Site: ptchampion-api-westus stopped.
2025-04-19T18:30:47.854Z ERROR - DockerApiException: Docker API responded with status code=InternalServerError, response={"message":"Get \"https://ptchampionregistry.azurecr.io/v2/\": dial tcp: lookup ptchampionregistry.azurecr.io: no such host"}

2025-04-19T18:30:47.856Z WARN  - Image pull failed. Defaulting to local copy if present.
2025-04-19T18:30:47.859Z ERROR - Image pull failed: Verify docker image configuration and credentials (if using private repository)
2025-04-19T18:30:47.886Z INFO  - Stopping site ptchampion-api-westus because it failed during startup.
2025-04-19T18:30:58.485Z ERROR - DockerApiException: Docker API responded with status code=InternalServerError, response={"message":"Get \"https://ptchampionregistry.azurecr.io/v2/\": dial tcp: lookup ptchampionregistry.azurecr.io: no such host"}

2025-04-19T18:30:58.486Z WARN  - Image pull failed. Defaulting to local copy if present.
2025-04-19T18:30:58.491Z ERROR - Image pull failed: Verify docker image configuration and credentials (if using private repository)
2025-04-19T18:30:58.493Z INFO  - Stopping site ptchampion-api-westus because it failed during startup.
2025-04-19T18:31:07.535Z ERROR - DockerApiException: Docker API responded with status code=InternalServerError, response={"message":"Get \"https://ptchampionregistry.azurecr.io/v2/\": dial tcp: lookup ptchampionregistry.azurecr.io: no such host"}

2025-04-19T18:31:07.536Z WARN  - Image pull failed. Defaulting to local copy if present.
2025-04-19T18:31:07.537Z ERROR - Image pull failed: Verify docker image configuration and credentials (if using private repository)
2025-04-19T18:31:07.541Z INFO  - Stopping site ptchampion-api-westus because it failed during startup.
2025-04-19T18:31:17.545Z ERROR - DockerApiException: Docker API responded with status code=InternalServerError, response={"message":"Get \"https://ptchampionregistry.azurecr.io/v2/\": dial tcp: lookup ptchampionregistry.azurecr.io: no such host"}

2025-04-19T18:31:17.546Z WARN  - Image pull failed. Defaulting to local copy if present.
2025-04-19T18:31:17.548Z ERROR - Image pull failed: Verify docker image configuration and credentials (if using private repository)
2025-04-19T18:31:17.551Z INFO  - Stopping site ptchampion-api-westus because it failed during startup.
2025-04-19T18:33:34.893Z ERROR - DockerApiException: Docker API responded with status code=InternalServerError, response={"message":"Get \"https://ptchampionregistry.azurecr.io/v2/\": dial tcp: lookup ptchampionregistry.azurecr.io: no such host"}

2025-04-19T18:33:34.894Z WARN  - Image pull failed. Defaulting to local copy if present.
2025-04-19T18:33:34.896Z ERROR - Image pull failed: Verify docker image configuration and credentials (if using private repository)
2025-04-19T18:33:34.900Z INFO  - Stopping site ptchampion-api-westus because it failed during startup.
2025-04-19T18:36:06.2230603Z Container start method called.
2025-04-19T18:36:06.2233268Z Establishing network.
2025-04-19T18:36:06.2234399Z Pulling image: ptchampionregistry.azurecr.io/ptchampion-api:latest.
2025-04-19T18:36:12.5258145Z Container pull image failed with reason: ImagePullFailure. Revert by terminate.
2025-04-19T18:36:12.5270494Z Container is terminating. Grace period: 5 seconds.
2025-04-19T18:36:12.5279104Z Container spec TerminationMessagePolicy  path 
2025-04-19T18:36:12.5287888Z Container is terminated. Total time elapsed: 0 ms.
2025-04-19T18:36:12.5297693Z Site container: ptchampion-api-westus terminated during site startup.
2025-04-19T18:36:12.5365750Z Failed to start site. Revert by stopping site.
2025-04-19T18:36:12.7069919Z Site: ptchampion-api-westus stopped.
2025-04-19T18:36:19.0448474Z Container start method called.
2025-04-19T18:36:19.0453029Z Establishing network.
2025-04-19T18:36:19.0456794Z Pulling image: ptchampionregistry.azurecr.io/ptchampion-api:latest.
2025-04-19T18:36:25.3285816Z Container pull image failed with reason: ImagePullFailure. Revert by terminate.
2025-04-19T18:36:25.3288542Z Container is terminating. Grace period: 5 seconds.
2025-04-19T18:36:25.3289809Z Container spec TerminationMessagePolicy  path 
2025-04-19T18:36:25.3290984Z Container is terminated. Total time elapsed: 0 ms.
2025-04-19T18:36:25.3292058Z Site container: ptchampion-api-westus terminated during site startup.
2025-04-19T18:36:25.3359276Z Failed to start site. Revert by stopping site.
2025-04-19T18:36:25.5155162Z Site: ptchampion-api-westus will be blocked for 1 minutes till 04/19/2025 18:37:25
2025-04-19T18:36:25.5347497Z Site: ptchampion-api-westus stopped.
2025-04-19T18:36:31.5419953Z Container start method called.
2025-04-19T18:36:31.5421134Z Establishing network.
2025-04-19T18:36:31.5422296Z Pulling image: ptchampionregistry.azurecr.io/ptchampion-api:latest.
2025-04-19T18:36:38.8126420Z Container pull image failed with reason: ImagePullFailure. Revert by terminate.
2025-04-19T18:36:38.8133609Z Container is terminating. Grace period: 5 seconds.
2025-04-19T18:36:38.8135104Z Container spec TerminationMessagePolicy  path 
2025-04-19T18:36:38.8136382Z Container is terminated. Total time elapsed: 0 ms.
2025-04-19T18:36:38.8147223Z Site container: ptchampion-api-westus terminated during site startup.
2025-04-19T18:36:38.8211809Z Failed to start site. Revert by stopping site.
2025-04-19T18:36:38.9768572Z Site: ptchampion-api-westus stopped.
2025-04-19T18:36:44.4608155Z Container start method called.
2025-04-19T18:36:44.4609505Z Establishing network.
2025-04-19T18:36:44.4610878Z Pulling image: ptchampionregistry.azurecr.io/ptchampion-api:latest.
2025-04-19T18:36:51.8935881Z Container pull image failed with reason: ImagePullFailure. Revert by terminate.
2025-04-19T18:36:51.8937486Z Container is terminating. Grace period: 5 seconds.
2025-04-19T18:36:51.8938644Z Container spec TerminationMessagePolicy  path 
2025-04-19T18:36:51.8939835Z Container is terminated. Total time elapsed: 0 ms.
2025-04-19T18:36:51.8940967Z Site container: ptchampion-api-westus terminated during site startup.
2025-04-19T18:36:51.9002487Z Failed to start site. Revert by stopping site.
2025-04-19T18:36:52.0714282Z Site: ptchampion-api-westus stopped.
2025-04-19T18:36:57.4673026Z Container start method called.
2025-04-19T18:36:57.4674266Z Establishing network.
2025-04-19T18:36:57.4677972Z Pulling image: ptchampionregistry.azurecr.io/ptchampion-api:latest.
2025-04-19T18:37:03.7305786Z Container pull image failed with reason: ImagePullFailure. Revert by terminate.
2025-04-19T18:37:03.7309476Z Container is terminating. Grace period: 5 seconds.
2025-04-19T18:37:03.7310952Z Container spec TerminationMessagePolicy  path 
2025-04-19T18:37:03.7312259Z Container is terminated. Total time elapsed: 0 ms.
2025-04-19T18:37:03.7313349Z Site container: ptchampion-api-westus terminated during site startup.
2025-04-19T18:37:03.7375721Z Failed to start site. Revert by stopping site.
2025-04-19T18:37:03.9152100Z Site: ptchampion-api-westus stopped.
2025-04-19T18:37:09.4070510Z Container start method called.
2025-04-19T18:37:09.4071516Z Establishing network.
2025-04-19T18:37:09.4072621Z Pulling image: ptchampionregistry.azurecr.io/ptchampion-api:latest.
2025-04-19T18:37:15.6880049Z Container pull image failed with reason: ImagePullFailure. Revert by terminate.
2025-04-19T18:37:15.6883928Z Container is terminating. Grace period: 5 seconds.
2025-04-19T18:37:15.6885046Z Container spec TerminationMessagePolicy  path 
2025-04-19T18:37:15.6886311Z Container is terminated. Total time elapsed: 0 ms.
2025-04-19T18:37:15.6887284Z Site container: ptchampion-api-westus terminated during site startup.
2025-04-19T18:37:15.6938733Z Failed to start site. Revert by stopping site.
2025-04-19T18:37:15.8853640Z Site: ptchampion-api-westus stopped.
2025-04-19T18:37:21.2753556Z Container start method called.
2025-04-19T18:37:21.2754802Z Establishing network.
2025-04-19T18:37:21.2756031Z Pulling image: ptchampionregistry.azurecr.io/ptchampion-api:latest.
2025-04-19T18:37:27.5341158Z Container pull image failed with reason: ImagePullFailure. Revert by terminate.
2025-04-19T18:37:27.5345198Z Container is terminating. Grace period: 5 seconds.
2025-04-19T18:37:27.5346869Z Container spec TerminationMessagePolicy  path 
2025-04-19T18:37:27.5348525Z Container is terminated. Total time elapsed: 0 ms.
2025-04-19T18:37:27.5350149Z Site container: ptchampion-api-westus terminated during site startup.
2025-04-19T18:37:27.5408801Z Failed to start site. Revert by stopping site.
2025-04-19T18:37:27.6902372Z Site: ptchampion-api-westus stopped.
2025-04-19T18:37:27.7225006Z Site: ptchampion-api-westus is unblocked.
2025-04-19T18:37:33.6777593Z Container start method called.
2025-04-19T18:37:33.6778757Z Establishing network.
2025-04-19T18:37:33.6779844Z Pulling image: ptchampionregistry.azurecr.io/ptchampion-api:latest.
2025-04-19T18:37:39.9310279Z Container pull image failed with reason: ImagePullFailure. Revert by terminate.
2025-04-19T18:37:39.9315983Z Container is terminating. Grace period: 5 seconds.
2025-04-19T18:37:39.9317167Z Container spec TerminationMessagePolicy  path 
2025-04-19T18:37:39.9318224Z Container is terminated. Total time elapsed: 0 ms.
2025-04-19T18:37:39.9319163Z Site container: ptchampion-api-westus terminated during site startup.
2025-04-19T18:37:39.9377678Z Failed to start site. Revert by stopping site.
2025-04-19T18:37:40.0902978Z Site: ptchampion-api-westus will be blocked for 2 minutes till 04/19/2025 18:39:40
2025-04-19T18:37:40.0982924Z Site: ptchampion-api-westus stopped.
2025-04-19T18:37:45.4925936Z Container start method called.
2025-04-19T18:37:45.4927209Z Establishing network.
2025-04-19T18:37:45.4928341Z Pulling image: ptchampionregistry.azurecr.io/ptchampion-api:latest.
2025-04-19T18:37:51.7462785Z Container pull image failed with reason: ImagePullFailure. Revert by terminate.
2025-04-19T18:37:51.7469395Z Container is terminating. Grace period: 5 seconds.
2025-04-19T18:37:51.7475797Z Container spec TerminationMessagePolicy  path 
2025-04-19T18:37:51.7481480Z Container is terminated. Total time elapsed: 0 ms.
2025-04-19T18:37:51.7489341Z Site container: ptchampion-api-westus terminated during site startup.
2025-04-19T18:37:51.7605017Z Failed to start site. Revert by stopping site.
2025-04-19T18:37:51.9039592Z Site: ptchampion-api-westus stopped.
2025-04-19T18:37:57.2864389Z Container start method called.
2025-04-19T18:37:57.2868493Z Establishing network.
2025-04-19T18:37:57.2872408Z Pulling image: ptchampionregistry.azurecr.io/ptchampion-api:latest.
2025-04-19T18:38:03.5479675Z Container pull image failed with reason: ImagePullFailure. Revert by terminate.
2025-04-19T18:38:03.5483093Z Container is terminating. Grace period: 5 seconds.
2025-04-19T18:38:03.5484410Z Container spec TerminationMessagePolicy  path 
2025-04-19T18:38:03.5485714Z Container is terminated. Total time elapsed: 0 ms.
2025-04-19T18:38:03.5486866Z Site container: ptchampion-api-westus terminated during site startup.
2025-04-19T18:38:03.5548562Z Failed to start site. Revert by stopping site.
2025-04-19T18:38:03.7454172Z Site: ptchampion-api-westus stopped.
2025-04-19T18:38:10.1009171Z Container start method called.
2025-04-19T18:38:10.1010194Z Establishing network.
2025-04-19T18:38:10.1011444Z Pulling image: ptchampionregistry.azurecr.io/ptchampion-api:latest.
2025-04-19T18:38:16.3767681Z Container pull image failed with reason: ImagePullFailure. Revert by terminate.
2025-04-19T18:38:16.3770104Z Container is terminating. Grace period: 5 seconds.
2025-04-19T18:38:16.3776904Z Container spec TerminationMessagePolicy  path 
2025-04-19T18:38:16.3778143Z Container is terminated. Total time elapsed: 0 ms.
2025-04-19T18:38:16.3779741Z Site container: ptchampion-api-westus terminated during site startup.
2025-04-19T18:38:16.3832810Z Failed to start site. Revert by stopping site.
2025-04-19T18:38:16.5428318Z Site: ptchampion-api-westus stopped.
2025-04-19T18:38:22.7977558Z Container start method called.
2025-04-19T18:38:22.7978615Z Establishing network.
2025-04-19T18:38:22.7979697Z Pulling image: ptchampionregistry.azurecr.io/ptchampion-api:latest.
2025-04-19T18:38:29.0568270Z Container pull image failed with reason: ImagePullFailure. Revert by terminate.
2025-04-19T18:38:29.0574662Z Container is terminating. Grace period: 5 seconds.
2025-04-19T18:38:29.0580548Z Container spec TerminationMessagePolicy  path 
2025-04-19T18:38:29.0585165Z Container is terminated. Total time elapsed: 0 ms.
2025-04-19T18:38:29.0590084Z Site container: ptchampion-api-westus terminated during site startup.
2025-04-19T18:38:29.0637240Z Failed to start site. Revert by stopping site.
2025-04-19T18:38:29.2304906Z Site: ptchampion-api-westus stopped.
2025-04-19T18:38:35.4766546Z Container start method called.
2025-04-19T18:38:35.4769225Z Establishing network.
2025-04-19T18:38:35.4773507Z Pulling image: ptchampionregistry.azurecr.io/ptchampion-api:latest.
2025-04-19T18:38:41.7296497Z Container pull image failed with reason: ImagePullFailure. Revert by terminate.
2025-04-19T18:38:41.7298904Z Container is terminating. Grace period: 5 seconds.
2025-04-19T18:38:41.7300121Z Container spec TerminationMessagePolicy  path 
2025-04-19T18:38:41.7301283Z Container is terminated. Total time elapsed: 0 ms.
2025-04-19T18:38:41.7303735Z Site container: ptchampion-api-westus terminated during site startup.
2025-04-19T18:38:41.7364537Z Failed to start site. Revert by stopping site.
2025-04-19T18:38:41.9093703Z Site: ptchampion-api-westus stopped.
2025-04-19T18:38:47.3111892Z Container start method called.
2025-04-19T18:38:47.3127547Z Establishing network.
2025-04-19T18:38:47.3128953Z Pulling image: ptchampionregistry.azurecr.io/ptchampion-api:latest.
2025-04-19T18:38:54.1339784Z Container pull image failed with reason: ImagePullFailure. Revert by terminate.
2025-04-19T18:38:54.1344728Z Container is terminating. Grace period: 5 seconds.
2025-04-19T18:38:54.1345757Z Container spec TerminationMessagePolicy  path 
2025-04-19T18:38:54.1348165Z Container is terminated. Total time elapsed: 0 ms.
2025-04-19T18:38:54.1349351Z Site container: ptchampion-api-westus terminated during site startup.
2025-04-19T18:38:54.1408036Z Failed to start site. Revert by stopping site.
2025-04-19T18:38:54.3168041Z Site: ptchampion-api-westus stopped.
2025-04-19T18:39:00.4052891Z Container start method called.
2025-04-19T18:39:00.4053965Z Establishing network.
2025-04-19T18:39:00.4055047Z Pulling image: ptchampionregistry.azurecr.io/ptchampion-api:latest.
2025-04-19T18:39:06.6785498Z Container pull image failed with reason: ImagePullFailure. Revert by terminate.
2025-04-19T18:39:06.6790108Z Container is terminating. Grace period: 5 seconds.
2025-04-19T18:39:06.6794459Z Container spec TerminationMessagePolicy  path 
2025-04-19T18:39:06.6799083Z Container is terminated. Total time elapsed: 0 ms.
2025-04-19T18:39:06.6803506Z Site container: ptchampion-api-westus terminated during site startup.
2025-04-19T18:39:06.6873566Z Failed to start site. Revert by stopping site.
2025-04-19T18:39:06.8473998Z Site: ptchampion-api-westus stopped.
2025-04-19T18:39:13.1516846Z Container start method called.
2025-04-19T18:39:13.1518128Z Establishing network.
2025-04-19T18:39:13.1519231Z Pulling image: ptchampionregistry.azurecr.io/ptchampion-api:latest.
2025-04-19T18:39:19.4260540Z Container pull image failed with reason: ImagePullFailure. Revert by terminate.
2025-04-19T18:39:19.4265891Z Container is terminating. Grace period: 5 seconds.
2025-04-19T18:39:19.4268870Z Container spec TerminationMessagePolicy  path 
2025-04-19T18:39:19.4270939Z Container is terminated. Total time elapsed: 0 ms.
2025-04-19T18:39:19.4272198Z Site container: ptchampion-api-westus terminated during site startup.
2025-04-19T18:39:19.4323250Z Failed to start site. Revert by stopping site.
2025-04-19T18:39:19.5951674Z Site: ptchampion-api-westus stopped.
2025-04-19T18:39:24.9721116Z Container start method called.
2025-04-19T18:39:24.9726497Z Establishing network.
2025-04-19T18:39:24.9727661Z Pulling image: ptchampionregistry.azurecr.io/ptchampion-api:latest.
2025-04-19T18:39:32.5297291Z Container pull image failed with reason: ImagePullFailure. Revert by terminate.
2025-04-19T18:39:32.5303631Z Container is terminating. Grace period: 5 seconds.
2025-04-19T18:39:32.5308709Z Container spec TerminationMessagePolicy  path 
2025-04-19T18:39:32.5313612Z Container is terminated. Total time elapsed: 0 ms.
2025-04-19T18:39:32.5317512Z Site container: ptchampion-api-westus terminated during site startup.
2025-04-19T18:39:32.5365630Z Failed to start site. Revert by stopping site.
2025-04-19T18:39:32.6873244Z Site: ptchampion-api-westus stopped.
2025-04-19T18:39:38.0253980Z Container start method called.
2025-04-19T18:39:38.0255043Z Establishing network.
2025-04-19T18:39:38.0259159Z Pulling image: ptchampionregistry.azurecr.io/ptchampion-api:latest.
2025-04-19T18:39:45.0215420Z Container pull image failed with reason: ImagePullFailure. Revert by terminate.
2025-04-19T18:39:45.0220974Z Container is terminating. Grace period: 5 seconds.
2025-04-19T18:39:45.0225132Z Container spec TerminationMessagePolicy  path 
2025-04-19T18:39:45.0230240Z Container is terminated. Total time elapsed: 0 ms.
2025-04-19T18:39:45.0234408Z Site container: ptchampion-api-westus terminated during site startup.
2025-04-19T18:39:45.0335963Z Failed to start site. Revert by stopping site.
2025-04-19T18:39:45.1966055Z Site: ptchampion-api-westus stopped.
2025-04-19T18:39:45.2322959Z Site: ptchampion-api-westus is unblocked.
2025-04-19T18:39:51.2179287Z Container start method called.
2025-04-19T18:39:51.2180488Z Establishing network.
2025-04-19T18:39:51.2181660Z Pulling image: ptchampionregistry.azurecr.io/ptchampion-api:latest.
2025-04-19T18:39:57.4844856Z Container pull image failed with reason: ImagePullFailure. Revert by terminate.
2025-04-19T18:39:57.4849064Z Container is terminating. Grace period: 5 seconds.
2025-04-19T18:39:57.4852106Z Container spec TerminationMessagePolicy  path 
2025-04-19T18:39:57.4853442Z Container is terminated. Total time elapsed: 0 ms.
2025-04-19T18:39:57.4854627Z Site container: ptchampion-api-westus terminated during site startup.
2025-04-19T18:39:57.4906862Z Failed to start site. Revert by stopping site.
2025-04-19T18:39:57.6389716Z Site: ptchampion-api-westus will be blocked for 4 minutes till 04/19/2025 18:43:57
2025-04-19T18:39:57.6397172Z Site: ptchampion-api-westus stopped.
2025-04-19T18:40:03.0117794Z Container start method called.
2025-04-19T18:40:03.0119118Z Establishing network.
2025-04-19T18:40:03.0120299Z Pulling image: ptchampionregistry.azurecr.io/ptchampion-api:latest.
2025-04-19T18:40:10.1837632Z Container pull image failed with reason: ImagePullFailure. Revert by terminate.
2025-04-19T18:40:10.1839196Z Container is terminating. Grace period: 5 seconds.
2025-04-19T18:40:10.1840239Z Container spec TerminationMessagePolicy  path 
2025-04-19T18:40:10.1841492Z Container is terminated. Total time elapsed: 0 ms.
2025-04-19T18:40:10.1842534Z Site container: ptchampion-api-westus terminated during site startup.
2025-04-19T18:40:10.1890524Z Failed to start site. Revert by stopping site.
2025-04-19T18:40:10.3616271Z Site: ptchampion-api-westus stopped.
2025-04-19T18:40:17.6141757Z Container start method called.
2025-04-19T18:40:17.6142797Z Establishing network.
2025-04-19T18:40:17.6143776Z Pulling image: ptchampionregistry.azurecr.io/ptchampion-api:latest.
2025-04-19T18:40:25.4150238Z Container pull image failed with reason: ImagePullFailure. Revert by terminate.
2025-04-19T18:40:25.4151624Z Container is terminating. Grace period: 5 seconds.
2025-04-19T18:40:25.4152603Z Container spec TerminationMessagePolicy  path 
2025-04-19T18:40:25.4153717Z Container is terminated. Total time elapsed: 0 ms.
2025-04-19T18:40:25.4154737Z Site container: ptchampion-api-westus terminated during site startup.
2025-04-19T18:40:25.4202357Z Failed to start site. Revert by stopping site.
2025-04-19T18:40:26.2843877Z Site: ptchampion-api-westus stopped.
2025-04-19T18:40:33.3267974Z Container start method called.
2025-04-19T18:40:33.3279799Z Establishing network.
2025-04-19T18:40:33.3281058Z Pulling image: ptchampionregistry.azurecr.io/ptchampion-api:latest.
2025-04-19T18:40:39.5722356Z Container pull image failed with reason: ImagePullFailure. Revert by terminate.
2025-04-19T18:40:39.5731026Z Container is terminating. Grace period: 5 seconds.
2025-04-19T18:40:39.5733868Z Container spec TerminationMessagePolicy  path 
2025-04-19T18:40:39.5735026Z Container is terminated. Total time elapsed: 0 ms.
2025-04-19T18:40:39.5736042Z Site container: ptchampion-api-westus terminated during site startup.
2025-04-19T18:40:39.5790106Z Failed to start site. Revert by stopping site.
2025-04-19T18:40:39.7428813Z Site: ptchampion-api-westus stopped.
2025-04-19T18:43:57.6381858Z Site: ptchampion-api-westus is unblocked.
2025-04-19T19:10:59.4716919Z Container start method called.
2025-04-19T19:10:59.4718176Z Establishing network.
2025-04-19T19:10:59.4719151Z Pulling image: ptchampionregistry.azurecr.io/ptchampion-api:latest.
2025-04-19T19:11:05.7234095Z Container pull image failed with reason: ImagePullFailure. Revert by terminate.
2025-04-19T19:11:05.7235344Z Container is terminating. Grace period: 5 seconds.
2025-04-19T19:11:05.7236359Z Container spec TerminationMessagePolicy  path 
2025-04-19T19:11:05.7237457Z Container is terminated. Total time elapsed: 0 ms.
2025-04-19T19:11:05.7238434Z Site container: ptchampion-api-westus terminated during site startup.
2025-04-19T19:11:05.7311669Z Failed to start site. Revert by stopping site.
2025-04-19T19:11:05.8954995Z Site: ptchampion-api-westus will be blocked for 4 minutes till 04/19/2025 19:15:05
2025-04-19T19:11:05.9017590Z Site: ptchampion-api-westus stopped.
2025-04-19T19:15:05.8974889Z Site: ptchampion-api-westus is unblocked.
2025-04-19T19:46:00.9609931Z Container start method called.
2025-04-19T19:46:00.9611063Z Establishing network.
2025-04-19T19:46:00.9612052Z Pulling image: ptchampionregistry.azurecr.io/ptchampion-api:latest.
2025-04-19T19:46:07.2442784Z Container pull image failed with reason: ImagePullFailure. Revert by terminate.
2025-04-19T19:46:07.2450158Z Container is terminating. Grace period: 5 seconds.
2025-04-19T19:46:07.2458668Z Container spec TerminationMessagePolicy  path 
2025-04-19T19:46:07.2466124Z Container is terminated. Total time elapsed: 0 ms.
2025-04-19T19:46:07.2472788Z Site container: ptchampion-api-westus terminated during site startup.
2025-04-19T19:46:07.2519918Z Failed to start site. Revert by stopping site.
2025-04-19T19:46:07.3507275Z Site: ptchampion-api-westus will be blocked for 4 minutes till 04/19/2025 19:50:07
2025-04-19T19:46:07.3613967Z Site: ptchampion-api-westus stopped.
2025-04-19T19:46:12.1977248Z Container start method called.
2025-04-19T19:46:12.1993210Z Establishing network.
2025-04-19T19:46:12.1994476Z Pulling image: ptchampionregistry.azurecr.io/ptchampion-api:latest.
2025-04-19T19:46:18.4618611Z Container pull image failed with reason: ImagePullFailure. Revert by terminate.
2025-04-19T19:46:18.4621143Z Container is terminating. Grace period: 5 seconds.
2025-04-19T19:46:18.4622441Z Container spec TerminationMessagePolicy  path 
2025-04-19T19:46:18.4623540Z Container is terminated. Total time elapsed: 0 ms.
2025-04-19T19:46:18.4624589Z Site container: ptchampion-api-westus terminated during site startup.
2025-04-19T19:46:18.4681500Z Failed to start site. Revert by stopping site.
2025-04-19T19:46:18.5741287Z Site: ptchampion-api-westus stopped.
2025-04-19T19:50:01.7671226Z Container start method called.
2025-04-19T19:50:01.7691810Z Establishing network.
2025-04-19T19:50:01.7693350Z Pulling image: ptchampionregistry.azurecr.io/ptchampion-api:latest.
2025-04-19T19:50:08.0366628Z Container pull image failed with reason: ImagePullFailure. Revert by terminate.
2025-04-19T19:50:08.0373995Z Container is terminating. Grace period: 5 seconds.
2025-04-19T19:50:08.0383291Z Container spec TerminationMessagePolicy  path 
2025-04-19T19:50:08.0389387Z Container is terminated. Total time elapsed: 0 ms.
2025-04-19T19:50:08.0398306Z Site container: ptchampion-api-westus terminated during site startup.
2025-04-19T19:50:08.0447436Z Failed to start site. Revert by stopping site.
2025-04-19T19:50:08.1389385Z Site: ptchampion-api-westus stopped.
2025-04-19T19:50:08.1719191Z Site: ptchampion-api-westus is unblocked.
2025-04-19T20:08:14.9951946Z Container start method called.
2025-04-19T20:08:14.9953077Z Establishing network.
2025-04-19T20:08:14.9954142Z Pulling image: ptchampionregistry.azurecr.io/ptchampion-api:latest.
2025-04-19T20:08:21.2889714Z Container pull image failed with reason: ImagePullFailure. Revert by terminate.
2025-04-19T20:08:21.2896831Z Container is terminating. Grace period: 5 seconds.
2025-04-19T20:08:21.2902198Z Container spec TerminationMessagePolicy  path 
2025-04-19T20:08:21.2908126Z Container is terminated. Total time elapsed: 0 ms.
2025-04-19T20:08:21.2918790Z Site container: ptchampion-api-westus terminated during site startup.
2025-04-19T20:08:21.2976961Z Failed to start site. Revert by stopping site.
2025-04-19T20:08:21.3814533Z Site: ptchampion-api-westus will be blocked for 4 minutes till 04/19/2025 20:12:21
2025-04-19T20:08:21.3873006Z Site: ptchampion-api-westus stopped.
2025-04-19T20:08:25.6657568Z Container start method called.
2025-04-19T20:08:25.6688697Z Establishing network.
2025-04-19T20:08:25.6692460Z Pulling image: ptchampionregistry.azurecr.io/ptchampion-api:latest.
2025-04-19T20:08:31.9331549Z Container pull image failed with reason: ImagePullFailure. Revert by terminate.
2025-04-19T20:08:31.9332969Z Container is terminating. Grace period: 5 seconds.
2025-04-19T20:08:31.9334037Z Container spec TerminationMessagePolicy  path 
2025-04-19T20:08:31.9334978Z Container is terminated. Total time elapsed: 0 ms.
2025-04-19T20:08:31.9342494Z Site container: ptchampion-api-westus terminated during site startup.
2025-04-19T20:08:31.9390563Z Failed to start site. Revert by stopping site.
2025-04-19T20:08:32.0429165Z Site: ptchampion-api-westus stopped.
2025-04-19T20:08:33.3277093Z Container start method called.
2025-04-19T20:08:33.3280438Z Establishing network.
2025-04-19T20:08:33.3286938Z Pulling image: ptchampionregistry.azurecr.io/ptchampion-api:latest.
2025-04-19T20:08:39.6999580Z Container pull image failed with reason: ImagePullFailure. Revert by terminate.
2025-04-19T20:08:39.7002020Z Container is terminating. Grace period: 5 seconds.
2025-04-19T20:08:39.7004125Z Container spec TerminationMessagePolicy  path 
2025-04-19T20:08:39.7005403Z Container is terminated. Total time elapsed: 0 ms.
2025-04-19T20:08:39.7006430Z Site container: ptchampion-api-westus terminated during site startup.
2025-04-19T20:08:39.7058063Z Failed to start site. Revert by stopping site.
2025-04-19T20:08:39.8030238Z Site: ptchampion-api-westus stopped.
2025-04-19T20:08:41.3875956Z Container start method called.
2025-04-19T20:08:41.3879158Z Establishing network.
2025-04-19T20:08:41.3883493Z Pulling image: ptchampionregistry.azurecr.io/ptchampion-api:latest.
2025-04-19T20:08:48.4117665Z Container pull image failed with reason: ImagePullFailure. Revert by terminate.
2025-04-19T20:08:48.4125700Z Container is terminating. Grace period: 5 seconds.
2025-04-19T20:08:48.4132076Z Container spec TerminationMessagePolicy  path 
2025-04-19T20:08:48.4142759Z Container is terminated. Total time elapsed: 1 ms.
2025-04-19T20:08:48.4156541Z Site container: ptchampion-api-westus terminated during site startup.
2025-04-19T20:08:48.4227511Z Failed to start site. Revert by stopping site.
2025-04-19T20:08:48.5160055Z Site: ptchampion-api-westus stopped.
2025-04-19T20:12:21.3863070Z Site: ptchampion-api-westus is unblocked.
2025-04-19T20:12:23.8017210Z Container start method called.
2025-04-19T20:12:23.8018461Z Establishing network.
2025-04-19T20:12:23.8025269Z Pulling image: ptchampionregistry.azurecr.io/ptchampion-api:latest.
2025-04-19T20:12:30.0648920Z Container pull image failed with reason: ImagePullFailure. Revert by terminate.
2025-04-19T20:12:30.0660056Z Container is terminating. Grace period: 5 seconds.
2025-04-19T20:12:30.0665971Z Container spec TerminationMessagePolicy  path 
2025-04-19T20:12:30.0670883Z Container is terminated. Total time elapsed: 0 ms.
2025-04-19T20:12:30.0673981Z Site container: ptchampion-api-westus terminated during site startup.
2025-04-19T20:12:30.0720633Z Failed to start site. Revert by stopping site.
2025-04-19T20:12:30.1822029Z Site: ptchampion-api-westus will be blocked for 4 minutes till 04/19/2025 20:16:30
2025-04-19T20:12:30.1851956Z Site: ptchampion-api-westus stopped.
2025-04-19T20:13:15.8636264Z Container start method called.
2025-04-19T20:13:15.8637352Z Establishing network.
2025-04-19T20:13:15.8638391Z Pulling image: ptchampionregistry.azurecr.io/ptchampion-api:latest.
2025-04-19T20:13:22.1243578Z Container pull image failed with reason: ImagePullFailure. Revert by terminate.
2025-04-19T20:13:22.1245121Z Container is terminating. Grace period: 5 seconds.
2025-04-19T20:13:22.1246118Z Container spec TerminationMessagePolicy  path 
2025-04-19T20:13:22.1248246Z Container is terminated. Total time elapsed: 0 ms.
2025-04-19T20:13:22.1255084Z Site container: ptchampion-api-westus terminated during site startup.
2025-04-19T20:13:22.1319271Z Failed to start site. Revert by stopping site.
2025-04-19T20:13:22.2135060Z Site: ptchampion-api-westus stopped.
2025-04-19T20:13:23.6403266Z Container start method called.
2025-04-19T20:13:23.6404307Z Establishing network.
2025-04-19T20:13:23.6406955Z Pulling image: ptchampionregistry.azurecr.io/ptchampion-api:latest.
2025-04-19T20:13:29.9061173Z Container pull image failed with reason: ImagePullFailure. Revert by terminate.
2025-04-19T20:13:29.9068917Z Container is terminating. Grace period: 5 seconds.
2025-04-19T20:13:29.9074671Z Container spec TerminationMessagePolicy  path 
2025-04-19T20:13:29.9080546Z Container is terminated. Total time elapsed: 0 ms.
2025-04-19T20:13:29.9084681Z Site container: ptchampion-api-westus terminated during site startup.
2025-04-19T20:13:29.9134535Z Failed to start site. Revert by stopping site.
2025-04-19T20:13:30.0008778Z Site: ptchampion-api-westus stopped.
2025-04-19T20:13:30.4387191Z Container start method called.
2025-04-19T20:13:30.4388886Z Establishing network.
2025-04-19T20:13:30.4390723Z Pulling image: ptchampionregistry.azurecr.io/ptchampion-api:latest.
2025-04-19T20:13:36.7198641Z Container pull image failed with reason: ImagePullFailure. Revert by terminate.
2025-04-19T20:13:36.7201156Z Container is terminating. Grace period: 5 seconds.
2025-04-19T20:13:36.7202402Z Container spec TerminationMessagePolicy  path 
2025-04-19T20:13:36.7203710Z Container is terminated. Total time elapsed: 0 ms.
2025-04-19T20:13:36.7204647Z Site container: ptchampion-api-westus terminated during site startup.
2025-04-19T20:13:36.7259603Z Failed to start site. Revert by stopping site.
2025-04-19T20:13:36.8171758Z Site: ptchampion-api-westus stopped.
2025-04-19T20:13:37.3625375Z Container start method called.
2025-04-19T20:13:37.3633403Z Establishing network.
2025-04-19T20:13:37.3634596Z Pulling image: ptchampionregistry.azurecr.io/ptchampion-api:latest.
2025-04-19T20:13:44.1118015Z Container pull image failed with reason: ImagePullFailure. Revert by terminate.
2025-04-19T20:13:44.1120486Z Container is terminating. Grace period: 5 seconds.
2025-04-19T20:13:44.1121489Z Container spec TerminationMessagePolicy  path 
2025-04-19T20:13:44.1122476Z Container is terminated. Total time elapsed: 0 ms.
2025-04-19T20:13:44.1123819Z Site container: ptchampion-api-westus terminated during site startup.
2025-04-19T20:13:44.1176709Z Failed to start site. Revert by stopping site.
2025-04-19T20:13:44.2094208Z Site: ptchampion-api-westus stopped.
2025-04-19T20:13:46.7503297Z Container start method called.
2025-04-19T20:13:46.7504319Z Establishing network.
2025-04-19T20:13:46.7514470Z Pulling image: ptchampionregistry.azurecr.io/ptchampion-api:latest.
2025-04-19T20:13:53.0098549Z Container pull image failed with reason: ImagePullFailure. Revert by terminate.
2025-04-19T20:13:53.0105884Z Container is terminating. Grace period: 5 seconds.
2025-04-19T20:13:53.0111571Z Container spec TerminationMessagePolicy  path 
2025-04-19T20:13:53.0117223Z Container is terminated. Total time elapsed: 0 ms.
2025-04-19T20:13:53.0118421Z Site container: ptchampion-api-westus terminated during site startup.
2025-04-19T20:13:53.0165681Z Failed to start site. Revert by stopping site.
2025-04-19T20:13:53.1147867Z Site: ptchampion-api-westus stopped.
2025-04-19T20:13:54.0697807Z Container start method called.
2025-04-19T20:13:54.0698852Z Establishing network.
2025-04-19T20:13:54.0699825Z Pulling image: ptchampionregistry.azurecr.io/ptchampion-api:latest.
2025-04-19T20:14:00.3284066Z Container pull image failed with reason: ImagePullFailure. Revert by terminate.
2025-04-19T20:14:00.3285478Z Container is terminating. Grace period: 5 seconds.
2025-04-19T20:14:00.3286410Z Container spec TerminationMessagePolicy  path 
2025-04-19T20:14:00.3288052Z Container is terminated. Total time elapsed: 0 ms.
2025-04-19T20:14:00.3288869Z Site container: ptchampion-api-westus terminated during site startup.
2025-04-19T20:14:00.3348238Z Failed to start site. Revert by stopping site.
2025-04-19T20:14:00.4204011Z Site: ptchampion-api-westus stopped.
2025-04-19T20:16:30.1849654Z Site: ptchampion-api-westus is unblocked.
2025-04-19T20:36:01.2820554Z Container start method called.
2025-04-19T20:36:01.2821634Z Establishing network.
2025-04-19T20:36:01.2822845Z Pulling image: ptchampionregistry.azurecr.io/ptchampion-api:latest.
2025-04-19T20:36:07.5869974Z Container pull image failed with reason: ImagePullFailure. Revert by terminate.
2025-04-19T20:36:07.5873630Z Container is terminating. Grace period: 5 seconds.
2025-04-19T20:36:07.5876831Z Container spec TerminationMessagePolicy  path 
2025-04-19T20:36:07.5880288Z Container is terminated. Total time elapsed: 0 ms.
2025-04-19T20:36:07.5883717Z Site container: ptchampion-api-westus terminated during site startup.
2025-04-19T20:36:07.5933070Z Failed to start site. Revert by stopping site.
2025-04-19T20:36:08.3257625Z Site: ptchampion-api-westus will be blocked for 4 minutes till 04/19/2025 20:40:08
2025-04-19T20:36:08.3263961Z Site: ptchampion-api-westus stopped.
2025-04-19T20:36:09.6411406Z Container start method called.
2025-04-19T20:36:09.6412382Z Establishing network.
2025-04-19T20:36:09.6413348Z Pulling image: ptchampionregistry.azurecr.io/ptchampion-api:latest.
2025-04-19T20:36:15.9314926Z Container pull image failed with reason: ImagePullFailure. Revert by terminate.
2025-04-19T20:36:15.9316950Z Container is terminating. Grace period: 5 seconds.
2025-04-19T20:36:15.9317984Z Container spec TerminationMessagePolicy  path 
2025-04-19T20:36:15.9319481Z Container is terminated. Total time elapsed: 0 ms.
2025-04-19T20:36:15.9320588Z Site container: ptchampion-api-westus terminated during site startup.
2025-04-19T20:36:15.9377493Z Failed to start site. Revert by stopping site.
2025-04-19T20:36:16.0372441Z Site: ptchampion-api-westus stopped.
2025-04-19T20:40:08.3300916Z Site: ptchampion-api-westus is unblocked.
2025-04-19T20:52:37.4772808Z Container start method called.
2025-04-19T20:52:37.4774015Z Establishing network.
2025-04-19T20:52:37.4776113Z Pulling image: ptchampionregistry.azurecr.io/ptchampion-api:latest.
2025-04-19T20:52:43.7395360Z Container pull image failed with reason: ImagePullFailure. Revert by terminate.
2025-04-19T20:52:43.7399245Z Container is terminating. Grace period: 5 seconds.
2025-04-19T20:52:43.7400979Z Container spec TerminationMessagePolicy  path 
2025-04-19T20:52:43.7405467Z Container is terminated. Total time elapsed: 0 ms.
2025-04-19T20:52:43.7406990Z Site container: ptchampion-api-westus terminated during site startup.
2025-04-19T20:52:43.7457783Z Failed to start site. Revert by stopping site.
2025-04-19T20:52:43.8466612Z Site: ptchampion-api-westus will be blocked for 4 minutes till 04/19/2025 20:56:43
2025-04-19T20:52:43.8580258Z Site: ptchampion-api-westus stopped.
2025-04-19T20:52:46.0445479Z Container start method called.
2025-04-19T20:52:46.0446580Z Establishing network.
2025-04-19T20:52:46.0447674Z Pulling image: ptchampionregistry.azurecr.io/ptchampion-api:latest.
2025-04-19T20:52:52.3165020Z Container pull image failed with reason: ImagePullFailure. Revert by terminate.
2025-04-19T20:52:52.3170285Z Container is terminating. Grace period: 5 seconds.
2025-04-19T20:52:52.3171428Z Container spec TerminationMessagePolicy  path 
2025-04-19T20:52:52.3172393Z Container is terminated. Total time elapsed: 0 ms.
2025-04-19T20:52:52.3173363Z Site container: ptchampion-api-westus terminated during site startup.
2025-04-19T20:52:52.3228495Z Failed to start site. Revert by stopping site.
2025-04-19T20:52:52.4137361Z Site: ptchampion-api-westus stopped.
2025-04-19T20:52:55.5258105Z Container start method called.
2025-04-19T20:52:55.5259475Z Establishing network.
2025-04-19T20:52:55.5260494Z Pulling image: ptchampionregistry.azurecr.io/ptchampion-api:latest.
2025-04-19T20:53:01.8150951Z Container pull image failed with reason: ImagePullFailure. Revert by terminate.
2025-04-19T20:53:01.8154627Z Container is terminating. Grace period: 5 seconds.
2025-04-19T20:53:01.8155998Z Container spec TerminationMessagePolicy  path 
2025-04-19T20:53:01.8157231Z Container is terminated. Total time elapsed: 0 ms.
2025-04-19T20:53:01.8158888Z Site container: ptchampion-api-westus terminated during site startup.
2025-04-19T20:53:01.8226135Z Failed to start site. Revert by stopping site.
2025-04-19T20:53:01.9130582Z Site: ptchampion-api-westus stopped.
2025-04-19T20:56:43.8456496Z Site: ptchampion-api-westus is unblocked.
2025-04-19T20:56:49.2118162Z Container start method called.
2025-04-19T20:56:49.2119408Z Establishing network.
2025-04-19T20:56:49.2120615Z Pulling image: ptchampionregistry.azurecr.io/ptchampion-api:latest.
2025-04-19T20:56:55.4999179Z Container pull image failed with reason: ImagePullFailure. Revert by terminate.
2025-04-19T20:56:55.5000489Z Container is terminating. Grace period: 5 seconds.
2025-04-19T20:56:55.5001412Z Container spec TerminationMessagePolicy  path 
2025-04-19T20:56:55.5002707Z Container is terminated. Total time elapsed: 0 ms.
2025-04-19T20:56:55.5003720Z Site container: ptchampion-api-westus terminated during site startup.
2025-04-19T20:56:55.5051089Z Failed to start site. Revert by stopping site.
2025-04-19T20:56:56.4123561Z Site: ptchampion-api-westus will be blocked for 4 minutes till 04/19/2025 21:00:56
2025-04-19T20:56:56.4135816Z Site: ptchampion-api-westus stopped.
2025-04-19T20:56:57.8331757Z Container start method called.
2025-04-19T20:56:57.8335257Z Establishing network.
2025-04-19T20:56:57.8336451Z Pulling image: ptchampionregistry.azurecr.io/ptchampion-api:latest.
2025-04-19T20:57:04.1335936Z Container pull image failed with reason: ImagePullFailure. Revert by terminate.
2025-04-19T20:57:04.1340322Z Container is terminating. Grace period: 5 seconds.
2025-04-19T20:57:04.1343283Z Container spec TerminationMessagePolicy  path 
2025-04-19T20:57:04.1346396Z Container is terminated. Total time elapsed: 0 ms.
2025-04-19T20:57:04.1349296Z Site container: ptchampion-api-westus terminated during site startup.
2025-04-19T20:57:04.1400247Z Failed to start site. Revert by stopping site.
2025-04-19T20:57:04.2466281Z Site: ptchampion-api-westus stopped.
2025-04-19T20:57:06.6610922Z Container start method called.
2025-04-19T20:57:06.6612145Z Establishing network.
2025-04-19T20:57:06.6618202Z Pulling image: ptchampionregistry.azurecr.io/ptchampion-api:latest.
2025-04-19T20:57:12.9224740Z Container pull image failed with reason: ImagePullFailure. Revert by terminate.
2025-04-19T20:57:12.9227127Z Container is terminating. Grace period: 5 seconds.
2025-04-19T20:57:12.9228233Z Container spec TerminationMessagePolicy  path 
2025-04-19T20:57:12.9236794Z Container is terminated. Total time elapsed: 0 ms.
2025-04-19T20:57:12.9238039Z Site container: ptchampion-api-westus terminated during site startup.
2025-04-19T20:57:12.9290762Z Failed to start site. Revert by stopping site.
2025-04-19T20:57:13.0416306Z Site: ptchampion-api-westus stopped.
2025-04-19T21:00:56.4133596Z Site: ptchampion-api-westus is unblocked.
2025-04-19T21:03:17.4641677Z Container start method called.
2025-04-19T21:03:17.4661166Z Establishing network.
2025-04-19T21:03:17.4664107Z Pulling image: ptchampionregistry.azurecr.io/ptchampion-api:latest.
2025-04-19T21:03:23.7733824Z Container pull image failed with reason: ImagePullFailure. Revert by terminate.
2025-04-19T21:03:23.7744895Z Container is terminating. Grace period: 5 seconds.
2025-04-19T21:03:23.7750979Z Container spec TerminationMessagePolicy  path 
2025-04-19T21:03:23.7756139Z Container is terminated. Total time elapsed: 0 ms.
2025-04-19T21:03:23.7761172Z Site container: ptchampion-api-westus terminated during site startup.
2025-04-19T21:03:23.7811271Z Failed to start site. Revert by stopping site.
2025-04-19T21:03:23.8748034Z Site: ptchampion-api-westus will be blocked for 4 minutes till 04/19/2025 21:07:23
2025-04-19T21:03:23.8763532Z Site: ptchampion-api-westus stopped.
2025-04-19T21:07:23.8778509Z Site: ptchampion-api-westus is unblocked.
2025-04-19T21:11:44.2553884Z Container start method called.
2025-04-19T21:11:44.2554718Z Establishing network.
2025-04-19T21:11:44.2555317Z Pulling image: ptchampionregistry.azurecr.io/ptchampion-api:latest.
2025-04-19T21:11:50.6995469Z Container pull image failed with reason: ImagePullFailure. Revert by terminate.
2025-04-19T21:11:50.6998359Z Container is terminating. Grace period: 5 seconds.
2025-04-19T21:11:50.7004564Z Container spec TerminationMessagePolicy  path 
2025-04-19T21:11:50.7005775Z Container is terminated. Total time elapsed: 0 ms.
2025-04-19T21:11:50.7008088Z Site container: ptchampion-api-westus terminated during site startup.
2025-04-19T21:11:50.7065830Z Failed to start site. Revert by stopping site.
2025-04-19T21:11:50.8060873Z Site: ptchampion-api-westus stopped.
2025-04-19T21:19:01.2261238Z Container start method called.
2025-04-19T21:19:01.2264642Z Establishing network.
2025-04-19T21:19:01.2265930Z Pulling image: ptchampionregistry.azurecr.io/ptchampion-api:latest.
2025-04-19T21:19:07.5113364Z Container pull image failed with reason: ImagePullFailure. Revert by terminate.
2025-04-19T21:19:07.5118379Z Container is terminating. Grace period: 5 seconds.
2025-04-19T21:19:07.5123255Z Container spec TerminationMessagePolicy  path 
2025-04-19T21:19:07.5128192Z Container is terminated. Total time elapsed: 0 ms.
2025-04-19T21:19:07.5132760Z Site container: ptchampion-api-westus terminated during site startup.
2025-04-19T21:19:07.5180107Z Failed to start site. Revert by stopping site.
2025-04-19T21:19:07.6075146Z Site: ptchampion-api-westus will be blocked for 1 minutes till 04/19/2025 21:20:07
2025-04-19T21:19:07.6150451Z Site: ptchampion-api-westus stopped.
2025-04-19T21:19:09.7947061Z Container start method called.
2025-04-19T21:19:09.7948160Z Establishing network.
2025-04-19T21:19:09.7949263Z Pulling image: ptchampionregistry.azurecr.io/ptchampion-api:latest.
2025-04-19T21:19:16.0465720Z Container pull image failed with reason: ImagePullFailure. Revert by terminate.
2025-04-19T21:19:16.0469983Z Container is terminating. Grace period: 5 seconds.
2025-04-19T21:19:16.0477040Z Container spec TerminationMessagePolicy  path 
2025-04-19T21:19:16.0483715Z Container is terminated. Total time elapsed: 0 ms.
2025-04-19T21:19:16.0488837Z Site container: ptchampion-api-westus terminated during site startup.
2025-04-19T21:19:16.0536874Z Failed to start site. Revert by stopping site.
2025-04-19T21:19:16.1520314Z Site: ptchampion-api-westus stopped.
2025-04-19T21:19:19.2667422Z Container start method called.
2025-04-19T21:19:19.2668553Z Establishing network.
2025-04-19T21:19:19.2669415Z Pulling image: ptchampionregistry.azurecr.io/ptchampion-api:latest.
2025-04-19T21:19:25.5376177Z Container pull image failed with reason: ImagePullFailure. Revert by terminate.
2025-04-19T21:19:25.5381917Z Container is terminating. Grace period: 5 seconds.
2025-04-19T21:19:25.5383125Z Container spec TerminationMessagePolicy  path 
2025-04-19T21:19:25.5392647Z Container is terminated. Total time elapsed: 0 ms.
2025-04-19T21:19:25.5393850Z Site container: ptchampion-api-westus terminated during site startup.
2025-04-19T21:19:25.5441090Z Failed to start site. Revert by stopping site.
2025-04-19T21:19:25.6255157Z Site: ptchampion-api-westus stopped.
2025-04-19T21:20:07.6071892Z Site: ptchampion-api-westus is unblocked.
2025-04-19T21:40:11.2640234Z Container start method called.
2025-04-19T21:40:11.2641454Z Establishing network.
2025-04-19T21:40:11.2642550Z Pulling image: ptchampionregistry.azurecr.io/ptchampion-api:latest.
2025-04-19T21:40:17.5530938Z Container pull image failed with reason: ImagePullFailure. Revert by terminate.
2025-04-19T21:40:17.5533867Z Container is terminating. Grace period: 5 seconds.
2025-04-19T21:40:17.5535489Z Container spec TerminationMessagePolicy  path 
2025-04-19T21:40:17.5538326Z Container is terminated. Total time elapsed: 0 ms.
2025-04-19T21:40:17.5540027Z Site container: ptchampion-api-westus terminated during site startup.
2025-04-19T21:40:17.5590094Z Failed to start site. Revert by stopping site.
2025-04-19T21:40:17.6537336Z Site: ptchampion-api-westus will be blocked for 2 minutes till 04/19/2025 21:42:17
2025-04-19T21:40:17.6559360Z Site: ptchampion-api-westus stopped.
2025-04-19T21:42:17.6526848Z Site: ptchampion-api-westus is unblocked.
2025-04-19T21:47:16.4785784Z Container start method called.
2025-04-19T21:47:16.4801232Z Establishing network.
2025-04-19T21:47:16.4808123Z Pulling image: ptchampionregistry.azurecr.io/ptchampion-api:latest.
2025-04-19T21:47:23.4342882Z Container pull image failed with reason: ImagePullFailure. Revert by terminate.
2025-04-19T21:47:23.4353448Z Container is terminating. Grace period: 5 seconds.
2025-04-19T21:47:23.4359997Z Container spec TerminationMessagePolicy  path 
2025-04-19T21:47:23.4365477Z Container is terminated. Total time elapsed: 0 ms.
2025-04-19T21:47:23.4370196Z Site container: ptchampion-api-westus terminated during site startup.
2025-04-19T21:47:23.4420335Z Failed to start site. Revert by stopping site.
2025-04-19T21:47:23.5137971Z Site: ptchampion-api-westus will be blocked for 2 minutes till 04/19/2025 21:49:23
2025-04-19T21:47:23.5171230Z Site: ptchampion-api-westus stopped.
2025-04-19T21:47:25.9256354Z Container start method called.
2025-04-19T21:47:25.9258639Z Establishing network.
2025-04-19T21:47:25.9260858Z Pulling image: ptchampionregistry.azurecr.io/ptchampion-api:latest.
2025-04-19T21:47:32.1998583Z Container pull image failed with reason: ImagePullFailure. Revert by terminate.
2025-04-19T21:47:32.1999989Z Container is terminating. Grace period: 5 seconds.
2025-04-19T21:47:32.2003188Z Container spec TerminationMessagePolicy  path 
2025-04-19T21:47:32.2004843Z Container is terminated. Total time elapsed: 0 ms.
2025-04-19T21:47:32.2006362Z Site container: ptchampion-api-westus terminated during site startup.
2025-04-19T21:47:32.2065806Z Failed to start site. Revert by stopping site.
2025-04-19T21:47:32.3102007Z Site: ptchampion-api-westus stopped.
2025-04-19T21:49:23.5156955Z Site: ptchampion-api-westus is unblocked.
2025-04-19T21:53:47.8483518Z Container start method called.
2025-04-19T21:53:47.8484546Z Establishing network.
2025-04-19T21:53:47.8485581Z Pulling image: ptchampionregistry.azurecr.io/ptchampion-api:latest.
2025-04-19T21:53:54.1250337Z Container pull image failed with reason: ImagePullFailure. Revert by terminate.
2025-04-19T21:53:54.1255299Z Container is terminating. Grace period: 5 seconds.
2025-04-19T21:53:54.1256295Z Container spec TerminationMessagePolicy  path 
2025-04-19T21:53:54.1257316Z Container is terminated. Total time elapsed: 0 ms.
2025-04-19T21:53:54.1258295Z Site container: ptchampion-api-westus terminated during site startup.
2025-04-19T21:53:54.1322551Z Failed to start site. Revert by stopping site.
2025-04-19T21:53:54.2402762Z Site: ptchampion-api-westus will be blocked for 2 minutes till 04/19/2025 21:55:54
2025-04-19T21:53:54.2409102Z Site: ptchampion-api-westus stopped.
2025-04-19T21:55:56.3817860Z Site: ptchampion-api-westus is unblocked.
2025-04-19T22:27:27.9103707Z Container start method called.
2025-04-19T22:27:27.9121263Z Establishing network.
2025-04-19T22:27:27.9122459Z Pulling image: ptchampionacr.azurecr.io/ptchampion-api:b440f4e6a80a8af8b0367fdb39007a8edafc82fd.
2025-04-19T22:27:31.3402953Z Image ptchampionacr.azurecr.io/ptchampion-api:b440f4e6a80a8af8b0367fdb39007a8edafc82fd is pulled from registry ptchampionacr.azurecr.io
2025-04-19T22:27:31.3404328Z Container is starting.
2025-04-19T22:27:31.3406344Z Establishing user namespace if not established already.
2025-04-19T22:27:31.3407239Z Establishing network if not established already.
2025-04-19T22:27:31.3408149Z Mounting volumes.
2025-04-19T22:27:31.3409575Z Nested mountpoint volatile/logs
2025-04-19T22:27:31.3649501Z Nested mountpoint 
2025-04-19T22:27:31.3733839Z Creating container.
2025-04-19T22:27:31.3738315Z Creating pipes for streaming container io.
2025-04-19T22:27:31.3743839Z Creating stdout named pipe at /podr/container/pipe/804e3486_ptchampion-api-westus/stdout_da43be61fcc64a9abb4c912600c880e2.
2025-04-19T22:27:31.3749040Z Successfully created stdout named pipe at: /podr/container/pipe/804e3486_ptchampion-api-westus/stdout_da43be61fcc64a9abb4c912600c880e2.
2025-04-19T22:27:31.3754642Z Opening named pipe /podr/container/pipe/804e3486_ptchampion-api-westus/stdout_da43be61fcc64a9abb4c912600c880e2 for reading in non-blocking mode.
2025-04-19T22:27:31.3759193Z Successfully opened named pipe: /podr/container/pipe/804e3486_ptchampion-api-westus/stdout_da43be61fcc64a9abb4c912600c880e2.
2025-04-19T22:27:31.3773943Z Successfully removed non-blocking flag from /podr/container/pipe/804e3486_ptchampion-api-westus/stdout_da43be61fcc64a9abb4c912600c880e2.
2025-04-19T22:27:31.3782441Z Creating stderr named pipe at /podr/container/pipe/804e3486_ptchampion-api-westus/stderr_337ba6e2ce2c4a758c1dacb9b569a447.
2025-04-19T22:27:31.3789238Z Successfully created stderr named pipe at: /podr/container/pipe/804e3486_ptchampion-api-westus/stderr_337ba6e2ce2c4a758c1dacb9b569a447.
2025-04-19T22:27:31.3795665Z Opening named pipe /podr/container/pipe/804e3486_ptchampion-api-westus/stderr_337ba6e2ce2c4a758c1dacb9b569a447 for reading in non-blocking mode.
2025-04-19T22:27:31.3802366Z Successfully opened named pipe: /podr/container/pipe/804e3486_ptchampion-api-westus/stderr_337ba6e2ce2c4a758c1dacb9b569a447.
2025-04-19T22:27:31.3809846Z Successfully removed non-blocking flag from /podr/container/pipe/804e3486_ptchampion-api-westus/stderr_337ba6e2ce2c4a758c1dacb9b569a447.
2025-04-19T22:27:31.4304056Z Container image exposes ports: 80. Resolved main port to 80.
2025-04-19T22:27:31.4307438Z Setting value of PORT variable to 80
2025-04-19T22:27:31.4310246Z Creating container with image: ptchampionacr.azurecr.io/ptchampion-api:b440f4e6a80a8af8b0367fdb39007a8edafc82fd from registry: ptchampionacr.azurecr.io and fully qualified image name: ptchampionacr.azurecr.io/ptchampion-api:b440f4e6a80a8af8b0367fdb39007a8edafc82fd
2025-04-19T22:27:31.5571202Z Starting container: 804e3486_ptchampion-api-westus.
2025-04-19T22:27:31.5788532Z Starting watchers and probes.
2025-04-19T22:27:31.5791396Z Starting metrics collection.
2025-04-19T22:27:31.5793263Z Container is running.
2025-04-19T22:27:32.5785245Z Container start method finished after 4667 ms.
2025-04-19T22:27:32.6101187Z Site startup probe succeeded after 0.0251044 seconds.
2025-04-19T22:27:32.6180587Z Site started.
2025-04-19T22:43:53.6581204Z Container start method called.
2025-04-19T22:43:53.6582065Z Establishing network.
2025-04-19T22:43:53.6582843Z Pulling image: ptchampionacr.azurecr.io/ptchampion-api:b440f4e6a80a8af8b0367fdb39007a8edafc82fd.
2025-04-19T22:43:56.2084182Z Container is starting.
2025-04-19T22:43:56.2091011Z Establishing user namespace if not established already.
2025-04-19T22:43:56.2098601Z Establishing network if not established already.
2025-04-19T22:43:56.2110801Z Mounting volumes.
2025-04-19T22:43:56.2147265Z Nested mountpoint volatile/logs
2025-04-19T22:43:56.2188259Z Nested mountpoint 
2025-04-19T22:43:56.2346302Z Creating container.
2025-04-19T22:43:56.2347680Z Creating pipes for streaming container io.
2025-04-19T22:43:56.2348777Z Creating stdout named pipe at /podr/container/pipe/f8a55235_ptchampion-api-westus/stdout_51da005219624d98a0d390bac9f629d0.
2025-04-19T22:43:56.2350596Z Successfully created stdout named pipe at: /podr/container/pipe/f8a55235_ptchampion-api-westus/stdout_51da005219624d98a0d390bac9f629d0.
2025-04-19T22:43:56.2351680Z Opening named pipe /podr/container/pipe/f8a55235_ptchampion-api-westus/stdout_51da005219624d98a0d390bac9f629d0 for reading in non-blocking mode.
2025-04-19T22:43:56.2352946Z Successfully opened named pipe: /podr/container/pipe/f8a55235_ptchampion-api-westus/stdout_51da005219624d98a0d390bac9f629d0.
2025-04-19T22:43:56.2353855Z Successfully removed non-blocking flag from /podr/container/pipe/f8a55235_ptchampion-api-westus/stdout_51da005219624d98a0d390bac9f629d0.
2025-04-19T22:43:56.2354933Z Creating stderr named pipe at /podr/container/pipe/f8a55235_ptchampion-api-westus/stderr_9e97db3440a6447abc83e172916616a3.
2025-04-19T22:43:56.2356369Z Successfully created stderr named pipe at: /podr/container/pipe/f8a55235_ptchampion-api-westus/stderr_9e97db3440a6447abc83e172916616a3.
2025-04-19T22:43:56.2357211Z Opening named pipe /podr/container/pipe/f8a55235_ptchampion-api-westus/stderr_9e97db3440a6447abc83e172916616a3 for reading in non-blocking mode.
2025-04-19T22:43:56.2358257Z Successfully opened named pipe: /podr/container/pipe/f8a55235_ptchampion-api-westus/stderr_9e97db3440a6447abc83e172916616a3.
2025-04-19T22:43:56.2359166Z Successfully removed non-blocking flag from /podr/container/pipe/f8a55235_ptchampion-api-westus/stderr_9e97db3440a6447abc83e172916616a3.
2025-04-19T22:43:56.3259536Z Container image exposes ports: 80. Resolved main port to 80.
2025-04-19T22:43:56.3263515Z Setting value of PORT variable to 80
2025-04-19T22:43:56.3267344Z Creating container with image: ptchampionacr.azurecr.io/ptchampion-api:b440f4e6a80a8af8b0367fdb39007a8edafc82fd from registry: ptchampionacr.azurecr.io and fully qualified image name: ptchampionacr.azurecr.io/ptchampion-api:b440f4e6a80a8af8b0367fdb39007a8edafc82fd
2025-04-19T22:43:56.5008971Z Starting container: f8a55235_ptchampion-api-westus.
2025-04-19T22:43:56.5240448Z Starting watchers and probes.
2025-04-19T22:43:56.5243740Z Starting metrics collection.
2025-04-19T22:43:56.5249132Z Container is running.
2025-04-19T22:43:58.2929769Z Container start method finished after 4634 ms.
2025-04-19T22:43:58.3385439Z Site startup probe succeeded after 0.0436875 seconds.
2025-04-19T22:43:58.3661247Z Site started.
2025-04-19T22:44:18.3792532Z Container is terminating. Grace period: 5 seconds.
2025-04-19T22:44:18.3822248Z Stop and delete container. Retry count = 0
2025-04-19T22:44:18.3823883Z Stopping container: 804e3486_ptchampion-api-westus.
2025-04-19T22:44:18.4395760Z Deleting container: 804e3486_ptchampion-api-westus. Retry count = 0
2025-04-19T22:44:18.4761991Z Container spec TerminationMessagePolicy  path 
2025-04-19T22:44:18.4771598Z Container is terminated. Total time elapsed: 96 ms.
